<?xml version="1.0" encoding="UTF-8"?>
<!-- Generated by org.testng.reporters.JUnitXMLReporter -->
<testsuite ignored="0" hostname="DESKTOP-DOVCE3F" failures="1" tests="2" name="Test" time="27.603" errors="0" timestamp="2025-11-23T20:07:01 IST">
  <testcase classname="TestCase.TC001_AccountRegistrationTest" name="verify_account_registration" time="3.142"/>
  <testcase classname="TestCase.TC002_LoginTest" name="verify_login" time="11.989">
    <failure type="java.lang.AssertionError" message="expected [true] but found [false]">
      <![CDATA[java.lang.AssertionError: expected [true] but found [false]
at TestCase.TC002_LoginTest.verify_login(TC002_LoginTest.java:35)
at java.base/java.util.ArrayList.forEach(ArrayList.java:1511)
... Removed 31 stack frames]]>
    </failure>
  </testcase> <!-- verify_login -->
</testsuite> <!-- Test -->
