<?xml version="1.0" encoding="UTF-8"?>
<!-- Generated by org.testng.reporters.JUnitXMLReporter -->
<testsuite ignored="0" hostname="DESKTOP-DOVCE3F" failures="5" tests="6" name="Test" time="44.445" errors="0" timestamp="2025-12-23T23:28:55 IST">
  <testcase classname="TestCase.TC003_LoginDDT" name="verify_loginDDT" time="11.517">
    <failure type="java.lang.AssertionError" message="expected [true] but found [false]">
      <![CDATA[java.lang.AssertionError: expected [true] but found [false]
at TestCase.TC003_LoginDDT.verify_loginDDT(TC003_LoginDDT.java:42)
at java.base/java.util.ArrayList.forEach(ArrayList.java:1511)
... Removed 31 stack frames]]>
    </failure>
  </testcase> <!-- verify_loginDDT -->
  <testcase classname="TestCase.TC003_LoginDDT" name="verify_loginDDT" time="11.169">
    <failure type="java.lang.AssertionError" message="expected [true] but found [false]">
      <![CDATA[java.lang.AssertionError: expected [true] but found [false]
at TestCase.TC003_LoginDDT.verify_loginDDT(TC003_LoginDDT.java:42)
at java.base/java.util.ArrayList.forEach(ArrayList.java:1511)
... Removed 31 stack frames]]>
    </failure>
  </testcase> <!-- verify_loginDDT -->
  <testcase classname="TestCase.TC003_LoginDDT" name="verify_loginDDT" time="11.282"/>
  <testcase classname="TestCase.TC003_LoginDDT" name="verify_loginDDT" time="1.123">
    <failure type="java.lang.AssertionError" message="null">
      <![CDATA[java.lang.AssertionError: null
at TestCase.TC003_LoginDDT.verify_loginDDT(TC003_LoginDDT.java:60)
at java.base/java.util.ArrayList.forEach(ArrayList.java:1511)
... Removed 29 stack frames]]>
    </failure>
  </testcase> <!-- verify_loginDDT -->
  <testcase classname="TestCase.TC003_LoginDDT" name="verify_loginDDT" time="1.171">
    <failure type="java.lang.AssertionError" message="null">
      <![CDATA[java.lang.AssertionError: null
at TestCase.TC003_LoginDDT.verify_loginDDT(TC003_LoginDDT.java:60)
at java.base/java.util.ArrayList.forEach(ArrayList.java:1511)
... Removed 29 stack frames]]>
    </failure>
  </testcase> <!-- verify_loginDDT -->
  <testcase classname="TestCase.TC003_LoginDDT" name="verify_loginDDT" time="1.204">
    <failure type="java.lang.AssertionError" message="null">
      <![CDATA[java.lang.AssertionError: null
at TestCase.TC003_LoginDDT.verify_loginDDT(TC003_LoginDDT.java:60)
at java.base/java.util.ArrayList.forEach(ArrayList.java:1511)
... Removed 29 stack frames]]>
    </failure>
  </testcase> <!-- verify_loginDDT -->
</testsuite> <!-- Test -->
