<?xml version="1.0" encoding="UTF-8"?>
<testng-results ignored="0" total="1" passed="1" failed="0" skipped="0">
  <reporter-output>
  </reporter-output>
  <suite started-at="2025-12-26T11:31:56 IST" name="Master Suite" finished-at="2025-12-26T11:32:09 IST" duration-ms="12662">
    <groups>
      <group name="Master">
        <method signature="TC002_LoginTest.verify_login()[pri:0, instance:TestCase.TC002_LoginTest@16ce702d]" name="verify_login" class="TestCase.TC002_LoginTest"/>
      </group> <!-- Master -->
      <group name="Sanity">
        <method signature="TC002_LoginTest.verify_login()[pri:0, instance:TestCase.TC002_LoginTest@16ce702d]" name="verify_login" class="TestCase.TC002_LoginTest"/>
      </group> <!-- Sanity -->
    </groups>
    <test started-at="2025-12-26T11:31:56 IST" name="Test" finished-at="2025-12-26T11:32:09 IST" duration-ms="12662">
      <class name="TestCase.TC002_LoginTest">
        <test-method is-config="true" signature="setup(java.lang.String,java.lang.String)[pri:0, instance:TestCase.TC002_LoginTest@16ce702d]" started-at="2025-12-26T11:31:57 IST" name="setup" finished-at="2025-12-26T11:32:07 IST" duration-ms="10408" status="PASS">
          <params>
            <param index="0">
              <value>
                <![CDATA[Windows]]>
              </value>
            </param>
            <param index="1">
              <value>
                <![CDATA[chrome]]>
              </value>
            </param>
          </params>
          <reporter-output>
          </reporter-output>
        </test-method> <!-- setup -->
        <test-method signature="verify_login()[pri:0, instance:TestCase.TC002_LoginTest@16ce702d]" started-at="2025-12-26T11:32:07 IST" name="verify_login" finished-at="2025-12-26T11:32:09 IST" duration-ms="1755" status="PASS">
          <reporter-output>
          </reporter-output>
        </test-method> <!-- verify_login -->
        <test-method is-config="true" signature="tearDown()[pri:0, instance:TestCase.TC002_LoginTest@16ce702d]" started-at="2025-12-26T11:32:09 IST" name="tearDown" finished-at="2025-12-26T11:32:09 IST" duration-ms="222" status="PASS">
          <reporter-output>
          </reporter-output>
        </test-method> <!-- tearDown -->
      </class> <!-- TestCase.TC002_LoginTest -->
    </test> <!-- Test -->
  </suite> <!-- Master Suite -->
</testng-results>
